<?xml version="1.0" encoding="UTF-8"?>
<!-- Generated by org.testng.reporters.JUnitXMLReporter -->
<testsuite ignored="0" hostname="LAPTOP-NLGKJFEK" failures="0" tests="1" name="Chrome" time="0.081" errors="0" timestamp="2022-03-10T23:13:35 IST">
  <testcase classname="com.test.IBM.Logintofb" name="@BeforeTest launchBrowser" time="0.015">
    <failure type="java.lang.NullPointerException" message="Cannot invoke &amp;quot;org.openqa.selenium.WebDriver.manage()&amp;quot; because &amp;quot;this.driver&amp;quot; is null">
      <![CDATA[java.lang.NullPointerException: Cannot invoke "org.openqa.selenium.WebDriver.manage()" because "this.driver" is null
at com.test.IBM.Logintofb.launchBrowser(Logintofb.java:80)
at java.base/java.util.concurrent.FutureTask.run(FutureTask.java:264)
at java.base/java.util.concurrent.ThreadPoolExecutor.runWorker(ThreadPoolExecutor.java:1136)
at java.base/java.util.concurrent.ThreadPoolExecutor$Worker.run(ThreadPoolExecutor.java:635)
at java.base/java.lang.Thread.run(Thread.java:833)
... Removed 15 stack frames]]>
    </failure>
  </testcase> <!-- @BeforeTest launchBrowser -->
  <testcase classname="com.test.IBM.Logintofb" name="@BeforeClass createOfPOMClasses" time="-1.646934215182E9">
    <skipped/>
  </testcase> <!-- @BeforeClass createOfPOMClasses -->
  <testcase classname="com.test.IBM.Logintofb" name="@BeforeMethod beforeMethod" time="-1.646934215193E9">
    <skipped/>
  </testcase> <!-- @BeforeMethod beforeMethod -->
  <testcase classname="com.test.IBM.Logintofb" name="@AfterMethod afterMethod" time="-1.6469342152E9">
    <skipped/>
  </testcase> <!-- @AfterMethod afterMethod -->
  <testcase classname="com.test.IBM.Logintofb" name="@AfterClass clearPOMobject" time="-1.646934215202E9">
    <skipped/>
  </testcase> <!-- @AfterClass clearPOMobject -->
  <testcase classname="com.test.IBM.Logintofb" name="@AfterTest closedBrowser" time="-1.646934215206E9">
    <skipped/>
  </testcase> <!-- @AfterTest closedBrowser -->
  <testcase classname="com.test.IBM.Logintofb" name="testA" time="0.0">
    <skipped/>
  </testcase> <!-- testA -->
</testsuite> <!-- Chrome -->
