<?xml version="1.0" encoding="UTF-8"?>
<!-- Generated by org.testng.reporters.JUnitXMLReporter -->
<testsuite ignored="0" hostname="LAPTOP-NLGKJFEK" failures="0" tests="2" name="Default test" time="0.089" errors="0" timestamp="2022-03-10T22:35:59 IST">
  <testcase classname="com.test.IBM.Logintofb" name="@BeforeTest launchBrowser" time="-1.646931959674E9">
    <failure type="org.testng.TestNGException" message="
Parameter &amp;apos;browsers&amp;apos; is required by BeforeTest on method launchBrowser but has not been marked @Optional or defined
in C:\Users\shwet\AppData\Local\Temp\testng-eclipse--645977812\testng-customsuite.xml">
      <![CDATA[org.testng.TestNGException: 
Parameter 'browsers' is required by BeforeTest on method launchBrowser but has not been marked @Optional or defined
in C:\Users\shwet\AppData\Local\Temp\testng-eclipse--645977812\testng-customsuite.xml
at org.testng.internal.Parameters.createParams(Parameters.java:270)
at org.testng.internal.Parameters.createParametersForMethod(Parameters.java:358)
at org.testng.internal.Parameters.createParameters(Parameters.java:700)
at org.testng.internal.Parameters.createConfigurationParameters(Parameters.java:168)
at org.testng.internal.ConfigInvoker.invokeConfigurations(ConfigInvoker.java:302)
at org.testng.TestRunner.invokeTestConfigurations(TestRunner.java:637)
at org.testng.TestRunner.beforeRun(TestRunner.java:627)
at org.testng.TestRunner.run(TestRunner.java:589)
at org.testng.SuiteRunner.runTest(SuiteRunner.java:377)
at org.testng.SuiteRunner.runSequentially(SuiteRunner.java:371)
at org.testng.SuiteRunner.privateRun(SuiteRunner.java:332)
at org.testng.SuiteRunner.run(SuiteRunner.java:276)
at org.testng.SuiteRunnerWorker.runSuite(SuiteRunnerWorker.java:53)
at org.testng.SuiteRunnerWorker.run(SuiteRunnerWorker.java:96)
at org.testng.TestNG.runSuitesSequentially(TestNG.java:1212)
at org.testng.TestNG.runSuitesLocally(TestNG.java:1134)
at org.testng.TestNG.runSuites(TestNG.java:1063)
at org.testng.TestNG.run(TestNG.java:1031)
at org.testng.remote.AbstractRemoteTestNG.run(AbstractRemoteTestNG.java:115)
at org.testng.remote.RemoteTestNG.initAndRun(RemoteTestNG.java:251)
at org.testng.remote.RemoteTestNG.main(RemoteTestNG.java:77)
]]>
    </failure>
  </testcase> <!-- @BeforeTest launchBrowser -->
  <testcase classname="com.test.IBM.Logintofb" name="@BeforeClass createOfPOMClasses" time="-1.646931959705E9">
    <skipped/>
  </testcase> <!-- @BeforeClass createOfPOMClasses -->
  <testcase classname="com.test.IBM.Logintofb" name="@BeforeMethod beforeMethod" time="-1.646931959718E9">
    <skipped/>
  </testcase> <!-- @BeforeMethod beforeMethod -->
  <testcase classname="com.test.IBM.Logintofb" name="@AfterMethod afterMethod" time="-1.646931959729E9">
    <skipped/>
  </testcase> <!-- @AfterMethod afterMethod -->
  <testcase classname="com.test.IBM.Logintofb" name="@AfterClass clearPOMobject" time="-1.646931959734E9">
    <skipped/>
  </testcase> <!-- @AfterClass clearPOMobject -->
  <testcase classname="com.test.IBM.General" name="@BeforeClass beforeClass" time="-1.646931959738E9">
    <skipped/>
  </testcase> <!-- @BeforeClass beforeClass -->
  <testcase classname="com.test.IBM.General" name="@BeforeMethod beforeMethod" time="-1.646931959741E9">
    <skipped/>
  </testcase> <!-- @BeforeMethod beforeMethod -->
  <testcase classname="com.test.IBM.General" name="@AfterMethod afterMethod" time="-1.646931959748E9">
    <skipped/>
  </testcase> <!-- @AfterMethod afterMethod -->
  <testcase classname="com.test.IBM.General" name="@AfterClass afterClass" time="-1.64693195975E9">
    <skipped/>
  </testcase> <!-- @AfterClass afterClass -->
  <testcase classname="com.test.IBM.General" name="@AfterTest afterTest" time="-1.646931959752E9">
    <skipped/>
  </testcase> <!-- @AfterTest afterTest -->
  <testcase classname="com.test.IBM.Logintofb" name="@AfterTest closedBrowser" time="-1.646931959756E9">
    <skipped/>
  </testcase> <!-- @AfterTest closedBrowser -->
  <testcase classname="com.test.IBM.Logintofb" name="testA" time="0.0">
    <skipped/>
  </testcase> <!-- testA -->
  <testcase classname="com.test.IBM.General" name="testA" time="0.0">
    <skipped/>
  </testcase> <!-- testA -->
</testsuite> <!-- Default test -->
